  Main.cpp
D:\Programming\C++\SDL2\Spike Engine\Spike Engine\src\UI\Constraints\DefaultConstraint.h(12,10): warning C4244: '=': conversion from 'int' to 'float', possible loss of data
D:\Programming\C++\SDL2\Spike Engine\Spike Engine\src\UI\Constraints\DefaultConstraint.h(13,10): warning C4244: '=': conversion from 'int' to 'float', possible loss of data
D:\Programming\C++\SDL2\Spike Engine\Spike Engine\src\UI\Constraints\DefaultConstraint.h(14,10): warning C4244: '=': conversion from 'int' to 'float', possible loss of data
D:\Programming\C++\SDL2\Spike Engine\Spike Engine\src\UI\Constraints\DefaultConstraint.h(15,10): warning C4244: '=': conversion from 'int' to 'float', possible loss of data
D:\Programming\C++\SDL2\Spike Engine\Spike Engine\src\UI\Constraints\MarginConstraint.h(12,10): warning C4244: '=': conversion from 'int' to 'float', possible loss of data
D:\Programming\C++\SDL2\Spike Engine\Spike Engine\src\UI\Constraints\MarginConstraint.h(13,10): warning C4244: '=': conversion from 'int' to 'float', possible loss of data
D:\Programming\C++\SDL2\Spike Engine\Spike Engine\src\UI\Constraints\MarginConstraint.h(14,10): warning C4244: '=': conversion from 'int' to 'float', possible loss of data
D:\Programming\C++\SDL2\Spike Engine\Spike Engine\src\UI\Constraints\MarginConstraint.h(15,10): warning C4244: '=': conversion from 'int' to 'float', possible loss of data
D:\Programming\C++\SDL2\Spike Engine\Spike Engine\src\Debug\Debug.h(19): warning C4091: 'static ': ignored on left of 'Spike::Debug::LOG_LEVEL' when no variable is declared
D:\Programming\C++\SDL2\Spike Engine\Spike Engine\src\MessageBox\MessageBox.h(40,10): warning C4838: conversion from 'SDL_MessageBoxFlags' to 'Uint32' requires a narrowing conversion
D:\Programming\C++\SDL2\Spike Engine\Spike Engine\src\ECS\Components.h(37,23): warning C4244: 'argument': conversion from 'double' to 'float', possible loss of data
D:\Programming\C++\SDL2\Spike Engine\Spike Engine\src\ECS\Components.h(43,19): warning C4244: 'initializing': conversion from 'double' to 'float', possible loss of data
D:\Programming\C++\SDL2\Spike Engine\Spike Engine\src\ECS\Components.h(47,30): warning C4244: '=': conversion from 'double' to 'int', possible loss of data
D:\Programming\C++\SDL2\Spike Engine\Conway s Game of Life\src\Main.cpp(16,21): warning C4244: '=': conversion from 'double' to 'int', possible loss of data
D:\Programming\C++\SDL2\Spike Engine\Conway s Game of Life\src\Main.cpp(115,101): warning C4267: 'argument': conversion from 'size_t' to 'int', possible loss of data
D:\Programming\C++\SDL2\Spike Engine\Conway s Game of Life\src\Main.cpp(117,92): warning C4267: 'argument': conversion from 'size_t' to 'int', possible loss of data
box2d.lib(b2_broad_phase.obj) : warning LNK4099: PDB 'box2d.pdb' was not found with 'box2d.lib(b2_broad_phase.obj)' or at 'D:\Programming\C++\SDL2\Spike Engine\x64\Debug\box2d.pdb'; linking object as if no debug info
box2d.lib(b2_chain_shape.obj) : warning LNK4099: PDB 'box2d.pdb' was not found with 'box2d.lib(b2_chain_shape.obj)' or at 'D:\Programming\C++\SDL2\Spike Engine\x64\Debug\box2d.pdb'; linking object as if no debug info
box2d.lib(b2_collide_circle.obj) : warning LNK4099: PDB 'box2d.pdb' was not found with 'box2d.lib(b2_collide_circle.obj)' or at 'D:\Programming\C++\SDL2\Spike Engine\x64\Debug\box2d.pdb'; linking object as if no debug info
box2d.lib(b2_collide_edge.obj) : warning LNK4099: PDB 'box2d.pdb' was not found with 'box2d.lib(b2_collide_edge.obj)' or at 'D:\Programming\C++\SDL2\Spike Engine\x64\Debug\box2d.pdb'; linking object as if no debug info
box2d.lib(b2_collide_polygon.obj) : warning LNK4099: PDB 'box2d.pdb' was not found with 'box2d.lib(b2_collide_polygon.obj)' or at 'D:\Programming\C++\SDL2\Spike Engine\x64\Debug\box2d.pdb'; linking object as if no debug info
box2d.lib(b2_collision.obj) : warning LNK4099: PDB 'box2d.pdb' was not found with 'box2d.lib(b2_collision.obj)' or at 'D:\Programming\C++\SDL2\Spike Engine\x64\Debug\box2d.pdb'; linking object as if no debug info
box2d.lib(b2_distance.obj) : warning LNK4099: PDB 'box2d.pdb' was not found with 'box2d.lib(b2_distance.obj)' or at 'D:\Programming\C++\SDL2\Spike Engine\x64\Debug\box2d.pdb'; linking object as if no debug info
box2d.lib(b2_dynamic_tree.obj) : warning LNK4099: PDB 'box2d.pdb' was not found with 'box2d.lib(b2_dynamic_tree.obj)' or at 'D:\Programming\C++\SDL2\Spike Engine\x64\Debug\box2d.pdb'; linking object as if no debug info
box2d.lib(b2_edge_shape.obj) : warning LNK4099: PDB 'box2d.pdb' was not found with 'box2d.lib(b2_edge_shape.obj)' or at 'D:\Programming\C++\SDL2\Spike Engine\x64\Debug\box2d.pdb'; linking object as if no debug info
box2d.lib(b2_time_of_impact.obj) : warning LNK4099: PDB 'box2d.pdb' was not found with 'box2d.lib(b2_time_of_impact.obj)' or at 'D:\Programming\C++\SDL2\Spike Engine\x64\Debug\box2d.pdb'; linking object as if no debug info
box2d.lib(b2_block_allocator.obj) : warning LNK4099: PDB 'box2d.pdb' was not found with 'box2d.lib(b2_block_allocator.obj)' or at 'D:\Programming\C++\SDL2\Spike Engine\x64\Debug\box2d.pdb'; linking object as if no debug info
box2d.lib(b2_draw.obj) : warning LNK4099: PDB 'box2d.pdb' was not found with 'box2d.lib(b2_draw.obj)' or at 'D:\Programming\C++\SDL2\Spike Engine\x64\Debug\box2d.pdb'; linking object as if no debug info
box2d.lib(b2_math.obj) : warning LNK4099: PDB 'box2d.pdb' was not found with 'box2d.lib(b2_math.obj)' or at 'D:\Programming\C++\SDL2\Spike Engine\x64\Debug\box2d.pdb'; linking object as if no debug info
box2d.lib(b2_settings.obj) : warning LNK4099: PDB 'box2d.pdb' was not found with 'box2d.lib(b2_settings.obj)' or at 'D:\Programming\C++\SDL2\Spike Engine\x64\Debug\box2d.pdb'; linking object as if no debug info
box2d.lib(b2_stack_allocator.obj) : warning LNK4099: PDB 'box2d.pdb' was not found with 'box2d.lib(b2_stack_allocator.obj)' or at 'D:\Programming\C++\SDL2\Spike Engine\x64\Debug\box2d.pdb'; linking object as if no debug info
box2d.lib(b2_timer.obj) : warning LNK4099: PDB 'box2d.pdb' was not found with 'box2d.lib(b2_timer.obj)' or at 'D:\Programming\C++\SDL2\Spike Engine\x64\Debug\box2d.pdb'; linking object as if no debug info
box2d.lib(b2_body.obj) : warning LNK4099: PDB 'box2d.pdb' was not found with 'box2d.lib(b2_body.obj)' or at 'D:\Programming\C++\SDL2\Spike Engine\x64\Debug\box2d.pdb'; linking object as if no debug info
box2d.lib(b2_chain_circle_contact.obj) : warning LNK4099: PDB 'box2d.pdb' was not found with 'box2d.lib(b2_chain_circle_contact.obj)' or at 'D:\Programming\C++\SDL2\Spike Engine\x64\Debug\box2d.pdb'; linking object as if no debug info
box2d.lib(b2_chain_polygon_contact.obj) : warning LNK4099: PDB 'box2d.pdb' was not found with 'box2d.lib(b2_chain_polygon_contact.obj)' or at 'D:\Programming\C++\SDL2\Spike Engine\x64\Debug\box2d.pdb'; linking object as if no debug info
box2d.lib(b2_circle_contact.obj) : warning LNK4099: PDB 'box2d.pdb' was not found with 'box2d.lib(b2_circle_contact.obj)' or at 'D:\Programming\C++\SDL2\Spike Engine\x64\Debug\box2d.pdb'; linking object as if no debug info
box2d.lib(b2_contact.obj) : warning LNK4099: PDB 'box2d.pdb' was not found with 'box2d.lib(b2_contact.obj)' or at 'D:\Programming\C++\SDL2\Spike Engine\x64\Debug\box2d.pdb'; linking object as if no debug info
box2d.lib(b2_contact_manager.obj) : warning LNK4099: PDB 'box2d.pdb' was not found with 'box2d.lib(b2_contact_manager.obj)' or at 'D:\Programming\C++\SDL2\Spike Engine\x64\Debug\box2d.pdb'; linking object as if no debug info
box2d.lib(b2_contact_solver.obj) : warning LNK4099: PDB 'box2d.pdb' was not found with 'box2d.lib(b2_contact_solver.obj)' or at 'D:\Programming\C++\SDL2\Spike Engine\x64\Debug\box2d.pdb'; linking object as if no debug info
box2d.lib(b2_distance_joint.obj) : warning LNK4099: PDB 'box2d.pdb' was not found with 'box2d.lib(b2_distance_joint.obj)' or at 'D:\Programming\C++\SDL2\Spike Engine\x64\Debug\box2d.pdb'; linking object as if no debug info
box2d.lib(b2_edge_circle_contact.obj) : warning LNK4099: PDB 'box2d.pdb' was not found with 'box2d.lib(b2_edge_circle_contact.obj)' or at 'D:\Programming\C++\SDL2\Spike Engine\x64\Debug\box2d.pdb'; linking object as if no debug info
box2d.lib(b2_edge_polygon_contact.obj) : warning LNK4099: PDB 'box2d.pdb' was not found with 'box2d.lib(b2_edge_polygon_contact.obj)' or at 'D:\Programming\C++\SDL2\Spike Engine\x64\Debug\box2d.pdb'; linking object as if no debug info
box2d.lib(b2_fixture.obj) : warning LNK4099: PDB 'box2d.pdb' was not found with 'box2d.lib(b2_fixture.obj)' or at 'D:\Programming\C++\SDL2\Spike Engine\x64\Debug\box2d.pdb'; linking object as if no debug info
box2d.lib(b2_friction_joint.obj) : warning LNK4099: PDB 'box2d.pdb' was not found with 'box2d.lib(b2_friction_joint.obj)' or at 'D:\Programming\C++\SDL2\Spike Engine\x64\Debug\box2d.pdb'; linking object as if no debug info
box2d.lib(b2_gear_joint.obj) : warning LNK4099: PDB 'box2d.pdb' was not found with 'box2d.lib(b2_gear_joint.obj)' or at 'D:\Programming\C++\SDL2\Spike Engine\x64\Debug\box2d.pdb'; linking object as if no debug info
box2d.lib(b2_island.obj) : warning LNK4099: PDB 'box2d.pdb' was not found with 'box2d.lib(b2_island.obj)' or at 'D:\Programming\C++\SDL2\Spike Engine\x64\Debug\box2d.pdb'; linking object as if no debug info
box2d.lib(b2_joint.obj) : warning LNK4099: PDB 'box2d.pdb' was not found with 'box2d.lib(b2_joint.obj)' or at 'D:\Programming\C++\SDL2\Spike Engine\x64\Debug\box2d.pdb'; linking object as if no debug info
box2d.lib(b2_motor_joint.obj) : warning LNK4099: PDB 'box2d.pdb' was not found with 'box2d.lib(b2_motor_joint.obj)' or at 'D:\Programming\C++\SDL2\Spike Engine\x64\Debug\box2d.pdb'; linking object as if no debug info
box2d.lib(b2_mouse_joint.obj) : warning LNK4099: PDB 'box2d.pdb' was not found with 'box2d.lib(b2_mouse_joint.obj)' or at 'D:\Programming\C++\SDL2\Spike Engine\x64\Debug\box2d.pdb'; linking object as if no debug info
box2d.lib(b2_polygon_circle_contact.obj) : warning LNK4099: PDB 'box2d.pdb' was not found with 'box2d.lib(b2_polygon_circle_contact.obj)' or at 'D:\Programming\C++\SDL2\Spike Engine\x64\Debug\box2d.pdb'; linking object as if no debug info
box2d.lib(b2_polygon_contact.obj) : warning LNK4099: PDB 'box2d.pdb' was not found with 'box2d.lib(b2_polygon_contact.obj)' or at 'D:\Programming\C++\SDL2\Spike Engine\x64\Debug\box2d.pdb'; linking object as if no debug info
box2d.lib(b2_prismatic_joint.obj) : warning LNK4099: PDB 'box2d.pdb' was not found with 'box2d.lib(b2_prismatic_joint.obj)' or at 'D:\Programming\C++\SDL2\Spike Engine\x64\Debug\box2d.pdb'; linking object as if no debug info
box2d.lib(b2_pulley_joint.obj) : warning LNK4099: PDB 'box2d.pdb' was not found with 'box2d.lib(b2_pulley_joint.obj)' or at 'D:\Programming\C++\SDL2\Spike Engine\x64\Debug\box2d.pdb'; linking object as if no debug info
box2d.lib(b2_revolute_joint.obj) : warning LNK4099: PDB 'box2d.pdb' was not found with 'box2d.lib(b2_revolute_joint.obj)' or at 'D:\Programming\C++\SDL2\Spike Engine\x64\Debug\box2d.pdb'; linking object as if no debug info
box2d.lib(b2_weld_joint.obj) : warning LNK4099: PDB 'box2d.pdb' was not found with 'box2d.lib(b2_weld_joint.obj)' or at 'D:\Programming\C++\SDL2\Spike Engine\x64\Debug\box2d.pdb'; linking object as if no debug info
box2d.lib(b2_wheel_joint.obj) : warning LNK4099: PDB 'box2d.pdb' was not found with 'box2d.lib(b2_wheel_joint.obj)' or at 'D:\Programming\C++\SDL2\Spike Engine\x64\Debug\box2d.pdb'; linking object as if no debug info
box2d.lib(b2_world.obj) : warning LNK4099: PDB 'box2d.pdb' was not found with 'box2d.lib(b2_world.obj)' or at 'D:\Programming\C++\SDL2\Spike Engine\x64\Debug\box2d.pdb'; linking object as if no debug info
box2d.lib(b2_world_callbacks.obj) : warning LNK4099: PDB 'box2d.pdb' was not found with 'box2d.lib(b2_world_callbacks.obj)' or at 'D:\Programming\C++\SDL2\Spike Engine\x64\Debug\box2d.pdb'; linking object as if no debug info
  Conway s Game of Life.vcxproj -> D:\Programming\C++\SDL2\Spike Engine\x64\Debug\Conway s Game of Life.exe
